# JRE version: OpenJDK Runtime Environment (14.0.1+14) (build 14.0.1+14)
# Java VM: OpenJDK 64-Bit Server VM (14.0.1+14, mixed mode, sharing, tiered, compressed oops, g1 gc, bsd-amd64)
Heap:
 garbage-first heap   total 133120K, used 45489K [0x0000000780000000, 0x0000000800000000)
  region size 1024K, 25 young (25600K), 6 survivors (6144K)
 Metaspace       used 16303K, capacity 16672K, committed 16896K, reserved 1064960K
  class space    used 1835K, capacity 2011K, committed 2048K, reserved 1048576K
GC Heap History (16 events):
Event: 9.330 GC heap before
{Heap before GC invocations=0 (full 0):
 garbage-first heap   total 133120K, used 15160K [0x0000000780000000, 0x0000000800000000)
  region size 1024K, 13 young (13312K), 0 survivors (0K)
 Metaspace       used 12557K, capacity 12936K, committed 13056K, reserved 1060864K
  class space    used 1598K, capacity 1772K, committed 1792K, reserved 1048576K
}
Event: 9.340 GC heap after
{Heap after GC invocations=1 (full 0):
 garbage-first heap   total 133120K, used 6623K [0x0000000780000000, 0x0000000800000000)
  region size 1024K, 2 young (2048K), 2 survivors (2048K)
 Metaspace       used 12557K, capacity 12936K, committed 13056K, reserved 1060864K
  class space    used 1598K, capacity 1772K, committed 1792K, reserved 1048576K
}
Event: 39.881 GC heap before
{Heap before GC invocations=1 (full 0):
 garbage-first heap   total 133120K, used 18911K [0x0000000780000000, 0x0000000800000000)
  region size 1024K, 14 young (14336K), 2 survivors (2048K)
 Metaspace       used 14204K, capacity 14585K, committed 14720K, reserved 1062912K
  class space    used 1729K, capacity 1895K, committed 1920K, reserved 1048576K
}
Event: 39.890 GC heap after
{Heap after GC invocations=2 (full 0):
 garbage-first heap   total 133120K, used 8669K [0x0000000780000000, 0x0000000800000000)
  region size 1024K, 2 young (2048K), 2 survivors (2048K)
 Metaspace       used 14204K, capacity 14585K, committed 14720K, reserved 1062912K
  class space    used 1729K, capacity 1895K, committed 1920K, reserved 1048576K
}
Event: 361.194 GC heap before
{Heap before GC invocations=2 (full 0):
 garbage-first heap   total 133120K, used 27101K [0x0000000780000000, 0x0000000800000000)
  region size 1024K, 21 young (21504K), 2 survivors (2048K)
 Metaspace       used 15398K, capacity 15797K, committed 16128K, reserved 1062912K
  class space    used 1807K, capacity 1976K, committed 2048K, reserved 1048576K
}
Event: 361.201 GC heap after
{Heap after GC invocations=3 (full 0):
 garbage-first heap   total 133120K, used 9786K [0x0000000780000000, 0x0000000800000000)
  region size 1024K, 2 young (2048K), 2 survivors (2048K)
 Metaspace       used 15398K, capacity 15797K, committed 16128K, reserved 1062912K
  class space    used 1807K, capacity 1976K, committed 2048K, reserved 1048576K
}
Event: 7112.154 GC heap before
{Heap before GC invocations=3 (full 0):
 garbage-first heap   total 133120K, used 85562K [0x0000000780000000, 0x0000000800000000)
  region size 1024K, 76 young (77824K), 2 survivors (2048K)
 Metaspace       used 15696K, capacity 16121K, committed 16384K, reserved 1062912K
  class space    used 1816K, capacity 1977K, committed 2048K, reserved 1048576K
}
Event: 7112.188 GC heap after
{Heap after GC invocations=4 (full 0):
 garbage-first heap   total 133120K, used 12309K [0x0000000780000000, 0x0000000800000000)
  region size 1024K, 4 young (4096K), 4 survivors (4096K)
 Metaspace       used 15696K, capacity 16121K, committed 16384K, reserved 1062912K
  class space    used 1816K, capacity 1977K, committed 2048K, reserved 1048576K
}
Event: 9552.337 GC heap before
{Heap before GC invocations=4 (full 0):
 garbage-first heap   total 133120K, used 86037K [0x0000000780000000, 0x0000000800000000)
  region size 1024K, 76 young (77824K), 4 survivors (4096K)
 Metaspace       used 15926K, capacity 16345K, committed 16640K, reserved 1064960K
  class space    used 1826K, capacity 2009K, committed 2048K, reserved 1048576K
}
Event: 9552.358 GC heap after
{Heap after GC invocations=5 (full 0):
 garbage-first heap   total 133120K, used 14270K [0x0000000780000000, 0x0000000800000000)
  region size 1024K, 6 young (6144K), 6 survivors (6144K)
 Metaspace       used 15926K, capacity 16345K, committed 16640K, reserved 1064960K
  class space    used 1826K, capacity 2009K, committed 2048K, reserved 1048576K
}
Event: 13976.012 GC heap before
{Heap before GC invocations=5 (full 0):
 garbage-first heap   total 133120K, used 85950K [0x0000000780000000, 0x0000000800000000)
  region size 1024K, 76 young (77824K), 6 survivors (6144K)
 Metaspace       used 16001K, capacity 16410K, committed 16640K, reserved 1064960K
  class space    used 1826K, capacity 2009K, committed 2048K, reserved 1048576K
}
Event: 13976.044 GC heap after
{Heap after GC invocations=6 (full 0):
 garbage-first heap   total 133120K, used 13212K [0x0000000780000000, 0x0000000800000000)
  region size 1024K, 4 young (4096K), 4 survivors (4096K)
 Metaspace       used 16001K, capacity 16410K, committed 16640K, reserved 1064960K
  class space    used 1826K, capacity 2009K, committed 2048K, reserved 1048576K
}
Event: 17184.726 GC heap before
{Heap before GC invocations=6 (full 0):
 garbage-first heap   total 133120K, used 86940K [0x0000000780000000, 0x0000000800000000)
  region size 1024K, 76 young (77824K), 4 survivors (4096K)
 Metaspace       used 16094K, capacity 16538K, committed 16896K, reserved 1064960K
  class space    used 1826K, capacity 2009K, committed 2048K, reserved 1048576K
}
Event: 17184.758 GC heap after
{Heap after GC invocations=7 (full 0):
 garbage-first heap   total 133120K, used 14445K [0x0000000780000000, 0x0000000800000000)
  region size 1024K, 6 young (6144K), 6 survivors (6144K)
 Metaspace       used 16094K, capacity 16538K, committed 16896K, reserved 1064960K
  class space    used 1826K, capacity 2009K, committed 2048K, reserved 1048576K
}
Event: 26652.990 GC heap before
{Heap before GC invocations=7 (full 0):
 garbage-first heap   total 133120K, used 86125K [0x0000000780000000, 0x0000000800000000)
  region size 1024K, 76 young (77824K), 6 survivors (6144K)
 Metaspace       used 16294K, capacity 16672K, committed 16896K, reserved 1064960K
  class space    used 1833K, capacity 2011K, committed 2048K, reserved 1048576K
}
Event: 26653.058 GC heap after
{Heap after GC invocations=8 (full 0):
 garbage-first heap   total 133120K, used 14769K [0x0000000780000000, 0x0000000800000000)
  region size 1024K, 6 young (6144K), 6 survivors (6144K)
 Metaspace       used 16294K, capacity 16672K, committed 16896K, reserved 1064960K
  class space    used 1833K, capacity 2011K, committed 2048K, reserved 1048576K
}

