# JRE version: OpenJDK Runtime Environment (14.0.1+14) (build 14.0.1+14)
# Java VM: OpenJDK 64-Bit Server VM (14.0.1+14, mixed mode, sharing, tiered, compressed oops, g1 gc, bsd-amd64)
Heap:
 garbage-first heap   total 133120K, used 61407K [0x0000000780000000, 0x0000000800000000)
  region size 1024K, 50 young (51200K), 6 survivors (6144K)
 Metaspace       used 16610K, capacity 17013K, committed 17152K, reserved 1064960K
  class space    used 1831K, capacity 2018K, committed 2048K, reserved 1048576K
GC Heap History (16 events):
Event: 17.307 GC heap before
{Heap before GC invocations=0 (full 0):
 garbage-first heap   total 133120K, used 15160K [0x0000000780000000, 0x0000000800000000)
  region size 1024K, 13 young (13312K), 0 survivors (0K)
 Metaspace       used 12807K, capacity 13215K, committed 13440K, reserved 1060864K
  class space    used 1643K, capacity 1823K, committed 1920K, reserved 1048576K
}
Event: 17.313 GC heap after
{Heap after GC invocations=1 (full 0):
 garbage-first heap   total 133120K, used 5711K [0x0000000780000000, 0x0000000800000000)
  region size 1024K, 2 young (2048K), 2 survivors (2048K)
 Metaspace       used 12807K, capacity 13215K, committed 13440K, reserved 1060864K
  class space    used 1643K, capacity 1823K, committed 1920K, reserved 1048576K
}
Event: 43.946 GC heap before
{Heap before GC invocations=1 (full 0):
 garbage-first heap   total 133120K, used 19023K [0x0000000780000000, 0x0000000800000000)
  region size 1024K, 15 young (15360K), 2 survivors (2048K)
 Metaspace       used 14437K, capacity 14869K, committed 14976K, reserved 1062912K
  class space    used 1731K, capacity 1905K, committed 1920K, reserved 1048576K
}
Event: 43.952 GC heap after
{Heap after GC invocations=2 (full 0):
 garbage-first heap   total 133120K, used 7291K [0x0000000780000000, 0x0000000800000000)
  region size 1024K, 2 young (2048K), 2 survivors (2048K)
 Metaspace       used 14437K, capacity 14869K, committed 14976K, reserved 1062912K
  class space    used 1731K, capacity 1905K, committed 1920K, reserved 1048576K
}
Event: 186.993 GC heap before
{Heap before GC invocations=2 (full 0):
 garbage-first heap   total 133120K, used 34939K [0x0000000780000000, 0x0000000800000000)
  region size 1024K, 29 young (29696K), 2 survivors (2048K)
 Metaspace       used 14841K, capacity 15266K, committed 15488K, reserved 1062912K
  class space    used 1740K, capacity 1906K, committed 1920K, reserved 1048576K
}
Event: 186.997 GC heap after
{Heap after GC invocations=3 (full 0):
 garbage-first heap   total 133120K, used 9983K [0x0000000780000000, 0x0000000800000000)
  region size 1024K, 4 young (4096K), 4 survivors (4096K)
 Metaspace       used 14841K, capacity 15266K, committed 15488K, reserved 1062912K
  class space    used 1740K, capacity 1906K, committed 1920K, reserved 1048576K
}
Event: 1577.652 GC heap before
{Heap before GC invocations=3 (full 0):
 garbage-first heap   total 133120K, used 83711K [0x0000000780000000, 0x0000000800000000)
  region size 1024K, 76 young (77824K), 4 survivors (4096K)
 Metaspace       used 15438K, capacity 15792K, committed 16000K, reserved 1062912K
  class space    used 1744K, capacity 1910K, committed 1920K, reserved 1048576K
}
Event: 1577.665 GC heap after
{Heap after GC invocations=4 (full 0):
 garbage-first heap   total 133120K, used 12324K [0x0000000780000000, 0x0000000800000000)
  region size 1024K, 7 young (7168K), 7 survivors (7168K)
 Metaspace       used 15438K, capacity 15792K, committed 16000K, reserved 1062912K
  class space    used 1744K, capacity 1910K, committed 1920K, reserved 1048576K
}
Event: 85548.533 GC heap before
{Heap before GC invocations=4 (full 0):
 garbage-first heap   total 133120K, used 82980K [0x0000000780000000, 0x0000000800000000)
  region size 1024K, 76 young (77824K), 7 survivors (7168K)
 Metaspace       used 16338K, capacity 16753K, committed 16896K, reserved 1064960K
  class space    used 1829K, capacity 2017K, committed 2048K, reserved 1048576K
}
Event: 85548.600 GC heap after
{Heap after GC invocations=5 (full 0):
 garbage-first heap   total 133120K, used 13038K [0x0000000780000000, 0x0000000800000000)
  region size 1024K, 6 young (6144K), 6 survivors (6144K)
 Metaspace       used 16338K, capacity 16753K, committed 16896K, reserved 1064960K
  class space    used 1829K, capacity 2017K, committed 2048K, reserved 1048576K
}
Event: 86721.355 GC heap before
{Heap before GC invocations=5 (full 0):
 garbage-first heap   total 133120K, used 84718K [0x0000000780000000, 0x0000000800000000)
  region size 1024K, 76 young (77824K), 6 survivors (6144K)
 Metaspace       used 16461K, capacity 16882K, committed 17152K, reserved 1064960K
  class space    used 1829K, capacity 2017K, committed 2048K, reserved 1048576K
}
Event: 86721.407 GC heap after
{Heap after GC invocations=6 (full 0):
 garbage-first heap   total 133120K, used 11080K [0x0000000780000000, 0x0000000800000000)
  region size 1024K, 3 young (3072K), 3 survivors (3072K)
 Metaspace       used 16461K, capacity 16882K, committed 17152K, reserved 1064960K
  class space    used 1829K, capacity 2017K, committed 2048K, reserved 1048576K
}
Event: 87104.277 GC heap before
{Heap before GC invocations=6 (full 0):
 garbage-first heap   total 133120K, used 85832K [0x0000000780000000, 0x0000000800000000)
  region size 1024K, 76 young (77824K), 3 survivors (3072K)
 Metaspace       used 16545K, capacity 16946K, committed 17152K, reserved 1064960K
  class space    used 1829K, capacity 2017K, committed 2048K, reserved 1048576K
}
Event: 87104.290 GC heap after
{Heap after GC invocations=7 (full 0):
 garbage-first heap   total 133120K, used 13944K [0x0000000780000000, 0x0000000800000000)
  region size 1024K, 6 young (6144K), 6 survivors (6144K)
 Metaspace       used 16545K, capacity 16946K, committed 17152K, reserved 1064960K
  class space    used 1829K, capacity 2017K, committed 2048K, reserved 1048576K
}
Event: 87439.158 GC heap before
{Heap before GC invocations=7 (full 0):
 garbage-first heap   total 133120K, used 85624K [0x0000000780000000, 0x0000000800000000)
  region size 1024K, 76 young (77824K), 6 survivors (6144K)
 Metaspace       used 16570K, capacity 16946K, committed 17152K, reserved 1064960K
  class space    used 1829K, capacity 2017K, committed 2048K, reserved 1048576K
}
Event: 87439.163 GC heap after
{Heap after GC invocations=8 (full 0):
 garbage-first heap   total 133120K, used 14303K [0x0000000780000000, 0x0000000800000000)
  region size 1024K, 6 young (6144K), 6 survivors (6144K)
 Metaspace       used 16570K, capacity 16946K, committed 17152K, reserved 1064960K
  class space    used 1829K, capacity 2017K, committed 2048K, reserved 1048576K
}

