# JRE version: OpenJDK Runtime Environment (14.0.1+14) (build 14.0.1+14)
# Java VM: OpenJDK 64-Bit Server VM (14.0.1+14, mixed mode, sharing, tiered, compressed oops, g1 gc, bsd-amd64)
Heap:
 garbage-first heap   total 133120K, used 77160K [0x0000000780000000, 0x0000000800000000)
  region size 1024K, 44 young (45056K), 8 survivors (8192K)
 Metaspace       used 16105K, capacity 16544K, committed 16896K, reserved 1064960K
  class space    used 1825K, capacity 2011K, committed 2048K, reserved 1048576K
GC Heap History (14 events):
Event: 6.781 GC heap before
{Heap before GC invocations=0 (full 0):
 garbage-first heap   total 133120K, used 15160K [0x0000000780000000, 0x0000000800000000)
  region size 1024K, 13 young (13312K), 0 survivors (0K)
 Metaspace       used 12623K, capacity 13026K, committed 13184K, reserved 1060864K
  class space    used 1644K, capacity 1824K, committed 1920K, reserved 1048576K
}
Event: 6.788 GC heap after
{Heap after GC invocations=1 (full 0):
 garbage-first heap   total 133120K, used 7274K [0x0000000780000000, 0x0000000800000000)
  region size 1024K, 2 young (2048K), 2 survivors (2048K)
 Metaspace       used 12623K, capacity 13026K, committed 13184K, reserved 1060864K
  class space    used 1644K, capacity 1824K, committed 1920K, reserved 1048576K
}
Event: 59.808 GC heap before
{Heap before GC invocations=1 (full 0):
 garbage-first heap   total 133120K, used 18538K [0x0000000780000000, 0x0000000800000000)
  region size 1024K, 14 young (14336K), 2 survivors (2048K)
 Metaspace       used 13982K, capacity 14327K, committed 14464K, reserved 1062912K
  class space    used 1729K, capacity 1895K, committed 1920K, reserved 1048576K
}
Event: 59.813 GC heap after
{Heap after GC invocations=2 (full 0):
 garbage-first heap   total 133120K, used 9133K [0x0000000780000000, 0x0000000800000000)
  region size 1024K, 2 young (2048K), 2 survivors (2048K)
 Metaspace       used 13982K, capacity 14327K, committed 14464K, reserved 1062912K
  class space    used 1729K, capacity 1895K, committed 1920K, reserved 1048576K
}
Event: 109.968 GC heap before
{Heap before GC invocations=2 (full 0):
 garbage-first heap   total 133120K, used 33709K [0x0000000780000000, 0x0000000800000000)
  region size 1024K, 27 young (27648K), 2 survivors (2048K)
 Metaspace       used 15287K, capacity 15672K, committed 15872K, reserved 1062912K
  class space    used 1803K, capacity 1977K, committed 2048K, reserved 1048576K
}
Event: 109.972 GC heap after
{Heap after GC invocations=3 (full 0):
 garbage-first heap   total 133120K, used 15095K [0x0000000780000000, 0x0000000800000000)
  region size 1024K, 4 young (4096K), 4 survivors (4096K)
 Metaspace       used 15287K, capacity 15672K, committed 15872K, reserved 1062912K
  class space    used 1803K, capacity 1977K, committed 2048K, reserved 1048576K
}
Event: 283.337 GC heap before
{Heap before GC invocations=3 (full 0):
 garbage-first heap   total 133120K, used 87799K [0x0000000780000000, 0x0000000800000000)
  region size 1024K, 76 young (77824K), 4 survivors (4096K)
 Metaspace       used 15817K, capacity 16191K, committed 16384K, reserved 1062912K
  class space    used 1818K, capacity 1979K, committed 2048K, reserved 1048576K
}
Event: 283.346 GC heap after
{Heap after GC invocations=4 (full 0):
 garbage-first heap   total 133120K, used 20136K [0x0000000780000000, 0x0000000800000000)
  region size 1024K, 9 young (9216K), 9 survivors (9216K)
 Metaspace       used 15817K, capacity 16191K, committed 16384K, reserved 1062912K
  class space    used 1818K, capacity 1979K, committed 2048K, reserved 1048576K
}
Event: 606.920 GC heap before
{Heap before GC invocations=4 (full 0):
 garbage-first heap   total 133120K, used 87720K [0x0000000780000000, 0x0000000800000000)
  region size 1024K, 76 young (77824K), 9 survivors (9216K)
 Metaspace       used 15941K, capacity 16351K, committed 16640K, reserved 1064960K
  class space    used 1822K, capacity 2011K, committed 2048K, reserved 1048576K
}
Event: 606.959 GC heap after
{Heap after GC invocations=5 (full 0):
 garbage-first heap   total 133120K, used 20297K [0x0000000780000000, 0x0000000800000000)
  region size 1024K, 7 young (7168K), 7 survivors (7168K)
 Metaspace       used 15941K, capacity 16351K, committed 16640K, reserved 1064960K
  class space    used 1822K, capacity 2011K, committed 2048K, reserved 1048576K
}
Event: 1295.739 GC heap before
{Heap before GC invocations=5 (full 0):
 garbage-first heap   total 133120K, used 89929K [0x0000000780000000, 0x0000000800000000)
  region size 1024K, 76 young (77824K), 7 survivors (7168K)
 Metaspace       used 16003K, capacity 16416K, committed 16640K, reserved 1064960K
  class space    used 1822K, capacity 2011K, committed 2048K, reserved 1048576K
}
Event: 1295.767 GC heap after
{Heap after GC invocations=6 (full 0):
 garbage-first heap   total 133120K, used 20637K [0x0000000780000000, 0x0000000800000000)
  region size 1024K, 7 young (7168K), 7 survivors (7168K)
 Metaspace       used 16003K, capacity 16416K, committed 16640K, reserved 1064960K
  class space    used 1822K, capacity 2011K, committed 2048K, reserved 1048576K
}
Event: 1681.391 GC heap before
{Heap before GC invocations=6 (full 0):
 garbage-first heap   total 133120K, used 90269K [0x0000000780000000, 0x0000000800000000)
  region size 1024K, 76 young (77824K), 7 survivors (7168K)
 Metaspace       used 16052K, capacity 16480K, committed 16640K, reserved 1064960K
  class space    used 1823K, capacity 2011K, committed 2048K, reserved 1048576K
}
Event: 1681.408 GC heap after
{Heap after GC invocations=7 (full 0):
 garbage-first heap   total 133120K, used 20840K [0x0000000780000000, 0x0000000800000000)
  region size 1024K, 8 young (8192K), 8 survivors (8192K)
 Metaspace       used 16052K, capacity 16480K, committed 16640K, reserved 1064960K
  class space    used 1823K, capacity 2011K, committed 2048K, reserved 1048576K
}

