# JRE version: OpenJDK Runtime Environment (14.0.1+14) (build 14.0.1+14)
# Java VM: OpenJDK 64-Bit Server VM (14.0.1+14, mixed mode, sharing, tiered, compressed oops, g1 gc, bsd-amd64)
Heap:
 garbage-first heap   total 133120K, used 24116K [0x0000000780000000, 0x0000000800000000)
  region size 1024K, 7 young (7168K), 2 survivors (2048K)
 Metaspace       used 14733K, capacity 15075K, committed 15232K, reserved 1062912K
  class space    used 1744K, capacity 1906K, committed 1920K, reserved 1048576K
GC Heap History (6 events):
Event: 4.815 GC heap before
{Heap before GC invocations=0 (full 0):
 garbage-first heap   total 133120K, used 15160K [0x0000000780000000, 0x0000000800000000)
  region size 1024K, 13 young (13312K), 0 survivors (0K)
 Metaspace       used 11912K, capacity 12275K, committed 12416K, reserved 1060864K
  class space    used 1495K, capacity 1657K, committed 1664K, reserved 1048576K
}
Event: 4.822 GC heap after
{Heap after GC invocations=1 (full 0):
 garbage-first heap   total 133120K, used 8185K [0x0000000780000000, 0x0000000800000000)
  region size 1024K, 2 young (2048K), 2 survivors (2048K)
 Metaspace       used 11912K, capacity 12275K, committed 12416K, reserved 1060864K
  class space    used 1495K, capacity 1657K, committed 1664K, reserved 1048576K
}
Event: 18.270 GC heap before
{Heap before GC invocations=1 (full 0):
 garbage-first heap   total 133120K, used 18425K [0x0000000780000000, 0x0000000800000000)
  region size 1024K, 12 young (12288K), 2 survivors (2048K)
 Metaspace       used 14335K, capacity 14686K, committed 14976K, reserved 1062912K
  class space    used 1732K, capacity 1906K, committed 1920K, reserved 1048576K
}
Event: 18.279 GC heap after
{Heap after GC invocations=2 (full 0):
 garbage-first heap   total 133120K, used 10635K [0x0000000780000000, 0x0000000800000000)
  region size 1024K, 2 young (2048K), 2 survivors (2048K)
 Metaspace       used 14335K, capacity 14686K, committed 14976K, reserved 1062912K
  class space    used 1732K, capacity 1906K, committed 1920K, reserved 1048576K
}
Event: 4017.474 GC heap before
{Heap before GC invocations=2 (full 0):
 garbage-first heap   total 133120K, used 31115K [0x0000000780000000, 0x0000000800000000)
  region size 1024K, 22 young (22528K), 2 survivors (2048K)
 Metaspace       used 14682K, capacity 15011K, committed 15232K, reserved 1062912K
  class space    used 1741K, capacity 1906K, committed 1920K, reserved 1048576K
}
Event: 4017.488 GC heap after
{Heap after GC invocations=3 (full 0):
 garbage-first heap   total 133120K, used 11828K [0x0000000780000000, 0x0000000800000000)
  region size 1024K, 2 young (2048K), 2 survivors (2048K)
 Metaspace       used 14682K, capacity 15011K, committed 15232K, reserved 1062912K
  class space    used 1741K, capacity 1906K, committed 1920K, reserved 1048576K
}

